<?xml version="1.0" encoding="UTF-8"?>
<testsuite name="APIAutomationRestAssuredFramework"
           tests="4"
           failures="0"
           errors="0"
           skipped="0"
           time="10.339">
    <properties></properties>



            <testcase
                name="DeleteBooking"
                time="2.200"
                classname="com.APITesting.tests.crud.TC_Integration">
            </testcase>
            <testcase
                name="UpdateBooking"
                time="1.522"
                classname="com.APITesting.tests.crud.TC_Integration">
            </testcase>
            <testcase
                name="CreateBooking"
                time="5.175"
                classname="com.APITesting.tests.crud.TC_Integration">
            </testcase>
            <testcase
                name="DeleteBookingGet"
                time="1.442"
                classname="com.APITesting.tests.crud.TC_Integration">
            </testcase>
</testsuite>
